<?xml version="1.0" encoding="UTF-8"?>
<!-- Generated by org.testng.reporters.JUnitReportReporter -->
<testsuite skipped="0" hostname="Ashishs-MacBook-Pro.local" name="TestCases.ecommerce" tests="1" failures="0" timestamp="28 Jul 2017 14:17:07 GMT" time="36.996" errors="0">
  <testcase name="ecommerceCase" time="36.996" classname="TestCases.ecommerce"/>
</testsuite> <!-- TestCases.ecommerce -->
